<?xml version="1.0" encoding="UTF-8"?>
<testsuite name="WordCutterTests" tests="1" skipped="0" failures="0" errors="0" timestamp="2023-12-26T17:28:59" hostname="HPLAPTOP" time="0.002">
  <properties/>
  <testcase name="testSolution" classname="WordCutterTests" time="0.002"/>
  <system-out><![CDATA[]]></system-out>
  <system-err><![CDATA[]]></system-err>
</testsuite>
