<?xml version="1.0" encoding="UTF-8"?>
<testsuite name="MealTests" tests="1" skipped="0" failures="0" errors="0" timestamp="2023-12-26T16:56:47" hostname="HPLAPTOP" time="0.003">
  <properties/>
  <testcase name="testSolution" classname="MealTests" time="0.003"/>
  <system-out><![CDATA[]]></system-out>
  <system-err><![CDATA[]]></system-err>
</testsuite>
